INFO:NEGATIVE LINE LENGTH: DALI ID: 0056b60ad09c4f389d107868e2d5c149, index (from get_file_path): 3, text: it's my lifei ain't gonna be, line length: -81.83, line number: 30
INFO:NEGATIVE LINE LENGTH: DALI ID: 0cefb06841fb445eabe996ffcdf942ca, index (from get_file_path): 252, text: yo vivovivo por ella yo tambien, line length: -218.64, line number: 36
INFO:NEGATIVE LINE LENGTH: DALI ID: 1307a091299b41ebb25329e53065f94a, index (from get_file_path): 379, text: that's all i'm trying to get some restmany's the time i've been mistaken, line length: -212.91, line number: 26
INFO:NEGATIVE LINE LENGTH: DALI ID: 173c43faffc946fb84fb93311c00c36b, index (from get_file_path): 479, text: oh oh oh oh oh oh oh oh oh oh oh oh oh oh oh oh oh oh oh oh oh oh oh oh oh oh, line length: -1.33, line number: 43
INFO:NEGATIVE LINE LENGTH: DALI ID: 207fb585a51c4b88be7164a7c572cc65, index (from get_file_path): 633, text: come and save me before i fall apartman dooset daram, line length: -144.89, line number: 17
INFO:NEGATIVE LINE LENGTH: DALI ID: 2e70295946894f6583bf7019f663d645, index (from get_file_path): 900, text: pressurepressure, line length: -189.57, line number: 63
INFO:NEGATIVE LINE LENGTH: DALI ID: 341a91a8a917463994c5f65d0df9139c, index (from get_file_path): 1013, text: onemmm, line length: -200.45, line number: 35
INFO:NEGATIVE LINE LENGTH: DALI ID: 387ea54872f44fd69485de61e63d7d32, index (from get_file_path): 1105, text: never been before baby nowand just go with the magic baby, line length: -156.28, line number: 52
INFO:NEGATIVE LINE LENGTH: DALI ID: 40cb995f98144a93908a8e831f2a1be4, index (from get_file_path): 1274, text: laughed at the people off to work, line length: -0.86, line number: 21
INFO:NEGATIVE LINE LENGTH: DALI ID: 44ffed10b53542d1b2e3e646f47ba315, index (from get_file_path): 1379, text: ahshake it up, baby, line length: -127.93, line number: 32
INFO:NEGATIVE LINE LENGTH: DALI ID: 46b5fb38b6de490eabb322b8878de73e, index (from get_file_path): 1421, text: mull of kintyre., line length: -8.71, line number: 50
INFO:NEGATIVE LINE LENGTH: DALI ID: 516974bda6154c578b583647047c7402, index (from get_file_path): 1665, text: and i'll be therecan't go on, line length: -145.17, line number: 61
INFO:NEGATIVE LINE LENGTH: DALI ID: 5a60e50ff93445e08f0026a486076d19, index (from get_file_path): 1869, text: in the flames of paradiseyou're walkin', you're talkin', line length: -217.13, line number: 55
INFO:NEGATIVE LINE LENGTH: DALI ID: 6935192be29c460f8fa82d5258a9c9a9, index (from get_file_path): 2174, text: that it's sweet love i've foundsure so sure, line length: -195.32, line number: 72
INFO:NEGATIVE LINE LENGTH: DALI ID: 739f5df857ff4ca3ae2044bfec9d1a9c, index (from get_file_path): 2381, text: uuh, ever thought about losing it, line length: -164.21, line number: 15
INFO:NEGATIVE LINE LENGTH: DALI ID: 73efd05a64cb42189cda332c08b1e5ad, index (from get_file_path): 2390, text: oh girls they're like findin' ato da li to da li, line length: -135.34, line number: 59
INFO:LONG LINE LENGTH: DALI ID: 73f1075e658c409db071336269db2ae1, index (from get_file_path): 2391, text: sostanzadeisognimiei...-, line length: 700.27, line number: 87
INFO:NEGATIVE LINE LENGTH: DALI ID: 7694a2d870b64279a756ab544acfba47, index (from get_file_path): 2458, text: save-your-soulhey, line length: -213.64, line number: 51
INFO:NEGATIVE LINE LENGTH: DALI ID: 78e60520c0fb43919be24e26e086b461, index (from get_file_path): 2514, text: because of youbecause of you, line length: -159.70, line number: 76
INFO:NEGATIVE LINE LENGTH: DALI ID: 7fd320dd60e64991a54c3903739f4ff4, index (from get_file_path): 2645, text: i want toride itwhere ilikebicycle, bicycle, bicycle, line length: -168.75, line number: 45
INFO:NEGATIVE LINE LENGTH: DALI ID: 8a7f8883ea2e44aa837944d75ce5bf8d, index (from get_file_path): 2882, text: bring back that lovin' feelin'you've lost that lovin' feelin', line length: -179.31, line number: 53
INFO:NEGATIVE LINE LENGTH: DALI ID: 985ce914741c47709c36094fcc3ca1de, index (from get_file_path): 3174, text: jesus christ is bornhallelujah, line length: -111.60, line number: 32
INFO:NEGATIVE LINE LENGTH: DALI ID: aa6c255510834679b3386b918a7466b8, index (from get_file_path): 3558, text: toxication of a lovelayli ya layli ya, line length: -223.24, line number: 42
INFO:NEGATIVE LINE LENGTH: DALI ID: ab69f01e042b46a1a4ef8e70952b32fc, index (from get_file_path): 3586, text: whispered in the sound of silence."hello darkness, my old friend., line length: -162.51, line number: 38
INFO:NEGATIVE LINE LENGTH: DALI ID: ae74b06c3d3f4c1aa3a84db1de9f6965, index (from get_file_path): 3648, text: kilroy! kilroy! kilroy! domo arigato mr. robotto, line length: -266.71, line number: 48
INFO:NEGATIVE LINE LENGTH: DALI ID: b28487da44f7452f89095ee1bc7201c4, index (from get_file_path): 3740, text: play the gameeasy, line length: -169.67, line number: 50
INFO:NEGATIVE LINE LENGTH: DALI ID: bbd82f37579649beb6ea5a256bd3a397, index (from get_file_path): 3928, text: you're so ahsomeone, line length: -192.32, line number: 81
INFO:NEGATIVE LINE LENGTH: DALI ID: bfc529505c1546ea8e553e203cfa13cc, index (from get_file_path): 4004, text: my love, enrique, line length: -189.92, line number: 77
INFO:NEGATIVE LINE LENGTH: DALI ID: d1e07a45dd9f49969d270cd6a48d561b, index (from get_file_path): 4389, text: in my in my in my hearti hear those voices from the radio, line length: -197.97, line number: 47
INFO:NEGATIVE LINE LENGTH: DALI ID: d61b08cdbf0e4efc851bd10171b4dac9, index (from get_file_path): 4470, text: kakumei o let's shout chikatta kotoba, line length: -217.25, line number: 42
INFO:NEGATIVE LINE LENGTH: DALI ID: db447ced49c740b3ad151e614e34cc88, index (from get_file_path): 4578, text: to put an end to warlast night i had, line length: -100.36, line number: 25
INFO:NEGATIVE LINE LENGTH: DALI ID: e5b22134e0834e208332de16644d79da, index (from get_file_path): 4805, text: runnin' in the shadowslisten to the wind blow, line length: -224.31, line number: 27
INFO:NEGATIVE LINE LENGTH: DALI ID: eda04f488b5744d2840c5c1bcb90b489, index (from get_file_path): 4947, text: why can't i wake up with you?hear you call me, you call me, line length: -134.89, line number: 50
